[    0.000000] Linux version 4.15.0-135-generic (buildd@lgw01-amd64-005) (gcc version 7.5.0 (Ubuntu 7.5.0-3ubuntu1~18.04)) #139-Ubuntu SMP Mon Jan 18 17:38:24 UTC 2021 (Ubuntu 4.15.0-135.139-generic 4.15.18)
[    0.000000] Command line: BOOT_IMAGE=/boot/vmlinuz-4.15.0-135-generic root=LABEL=cloudimg-rootfs ro console=tty1 console=ttyS0
[    0.000000] KERNEL supported cpus:
[    0.000000]   Intel GenuineIntel
[    0.000000]   AMD AuthenticAMD
[    0.000000]   Centaur CentaurHauls
[    0.000000] [Firmware Bug]: TSC doesn't count with P0 frequency!
[    0.000000] x86/fpu: x87 FPU will use FXSAVE
[    0.000000] e820: BIOS-provided physical RAM map:
[    0.000000] BIOS-e820: [mem 0x0000000000000000-0x000000000009fbff] usable
[    0.000000] BIOS-e820: [mem 0x000000000009fc00-0x000000000009ffff] reserved
[    0.000000] BIOS-e820: [mem 0x00000000000f0000-0x00000000000fffff] reserved
[    0.000000] BIOS-e820: [mem 0x0000000000100000-0x000000007ffeffff] usable
[    0.000000] BIOS-e820: [mem 0x000000007fff0000-0x000000007fffffff] ACPI data
[    0.000000] BIOS-e820: [mem 0x00000000fec00000-0x00000000fec00fff] reserved
[    0.000000] BIOS-e820: [mem 0x00000000fee00000-0x00000000fee00fff] reserved
[    0.000000] BIOS-e820: [mem 0x00000000fffc0000-0x00000000ffffffff] reserved
[    0.000000] NX (Execute Disable) protection: active
[    0.000000] SMBIOS 2.5 present.
[    0.000000] DMI: innotek GmbH VirtualBox/VirtualBox, BIOS VirtualBox 12/01/2006
[    0.000000] Hypervisor detected: KVM
[    0.000000] e820: last_pfn = 0x7fff0 max_arch_pfn = 0x400000000
[    0.000000] MTRR: Disabled
[    0.000000] x86/PAT: MTRRs disabled, skipping PAT initialization too.
[    0.000000] CPU MTRRs all blank - virtualized system.
[    0.000000] x86/PAT: Configuration [0-7]: WB  WT  UC- UC  WB  WT  UC- UC  
[    0.000000] found SMP MP-table at [mem 0x0009fff0-0x0009ffff]
[    0.000000] Scanning 1 areas for low memory corruption
[    0.000000] RAMDISK: [mem 0x35a63000-0x36d28fff]
[    0.000000] ACPI: Early table checksum verification disabled
[    0.000000] ACPI: RSDP 0x00000000000E0000 000024 (v02 VBOX  )
[    0.000000] ACPI: XSDT 0x000000007FFF0030 00003C (v01 VBOX   VBOXXSDT 00000001 ASL  00000061)
[    0.000000] ACPI: FACP 0x000000007FFF00F0 0000F4 (v04 VBOX   VBOXFACP 00000001 ASL  00000061)
[    0.000000] ACPI: DSDT 0x000000007FFF0470 002325 (v02 VBOX   VBOXBIOS 00000002 INTL 20100528)
[    0.000000] ACPI: FACS 0x000000007FFF0200 000040
[    0.000000] ACPI: FACS 0x000000007FFF0200 000040
[    0.000000] ACPI: APIC 0x000000007FFF0240 00005C (v02 VBOX   VBOXAPIC 00000001 ASL  00000061)
[    0.000000] ACPI: SSDT 0x000000007FFF02A0 0001CC (v01 VBOX   VBOXCPUT 00000002 INTL 20100528)
[    0.000000] No NUMA configuration found
[    0.000000] Faking a node at [mem 0x0000000000000000-0x000000007ffeffff]
[    0.000000] NODE_DATA(0) allocated [mem 0x7ffc5000-0x7ffeffff]
[    0.000000] kvm-clock: cpu 0, msr 0:7ff44001, primary cpu clock
[    0.000000] kvm-clock: Using msrs 4b564d01 and 4b564d00
[    0.000000] kvm-clock: using sched offset of 5438470799 cycles
[    0.000000] clocksource: kvm-clock: mask: 0xffffffffffffffff max_cycles: 0x1cd42e4dffb, max_idle_ns: 881590591483 ns
[    0.000000] Zone ranges:
[    0.000000]   DMA      [mem 0x0000000000001000-0x0000000000ffffff]
[    0.000000]   DMA32    [mem 0x0000000001000000-0x000000007ffeffff]
[    0.000000]   Normal   empty
[    0.000000]   Device   empty
[    0.000000] Movable zone start for each node
[    0.000000] Early memory node ranges
[    0.000000]   node   0: [mem 0x0000000000001000-0x000000000009efff]
[    0.000000]   node   0: [mem 0x0000000000100000-0x000000007ffeffff]
[    0.000000] Reserved but unavailable: 98 pages
[    0.000000] Initmem setup node 0 [mem 0x0000000000001000-0x000000007ffeffff]
[    0.000000] ACPI: PM-Timer IO Port: 0x4008
[    0.000000] IOAPIC[0]: apic_id 2, version 32, address 0xfec00000, GSI 0-23
[    0.000000] ACPI: INT_SRC_OVR (bus 0 bus_irq 0 global_irq 2 dfl dfl)
[    0.000000] ACPI: INT_SRC_OVR (bus 0 bus_irq 9 global_irq 9 low level)
[    0.000000] Using ACPI (MADT) for SMP configuration information
[    0.000000] smpboot: Allowing 2 CPUs, 0 hotplug CPUs
[    0.000000] PM: Registered nosave memory: [mem 0x00000000-0x00000fff]
[    0.000000] PM: Registered nosave memory: [mem 0x0009f000-0x0009ffff]
[    0.000000] PM: Registered nosave memory: [mem 0x000a0000-0x000effff]
[    0.000000] PM: Registered nosave memory: [mem 0x000f0000-0x000fffff]
[    0.000000] e820: [mem 0x80000000-0xfebfffff] available for PCI devices
[    0.000000] Booting paravirtualized kernel on KVM
[    0.000000] clocksource: refined-jiffies: mask: 0xffffffff max_cycles: 0xffffffff, max_idle_ns: 7645519600211568 ns
[    0.000000] random: get_random_bytes called from start_kernel+0x99/0x500 with crng_init=0
[    0.000000] setup_percpu: NR_CPUS:8192 nr_cpumask_bits:2 nr_cpu_ids:2 nr_node_ids:1
[    0.000000] percpu: Embedded 45 pages/cpu s147456 r8192 d28672 u1048576
[    0.000000] PV qspinlock hash table entries: 256 (order: 0, 4096 bytes)
[    0.000000] Built 1 zonelists, mobility grouping on.  Total pages: 515961
[    0.000000] Policy zone: DMA32
[    0.000000] Kernel command line: BOOT_IMAGE=/boot/vmlinuz-4.15.0-135-generic root=LABEL=cloudimg-rootfs ro console=tty1 console=ttyS0
[    0.000000] Memory: 2015212K/2096696K available (12300K kernel code, 2482K rwdata, 4276K rodata, 2440K init, 2724K bss, 81484K reserved, 0K cma-reserved)
[    0.000000] SLUB: HWalign=64, Order=0-3, MinObjects=0, CPUs=2, Nodes=1
[    0.000000] ftrace: allocating 39422 entries in 154 pages
[    0.004000] Hierarchical RCU implementation.
[    0.004000] 	RCU restricting CPUs from NR_CPUS=8192 to nr_cpu_ids=2.
[    0.004000] 	Tasks RCU enabled.
[    0.004000] RCU: Adjusting geometry for rcu_fanout_leaf=16, nr_cpu_ids=2
[    0.004000] NR_IRQS: 524544, nr_irqs: 440, preallocated irqs: 16
[    0.004000] Console: colour VGA+ 80x25
[    0.004000] console [tty1] enabled
[    0.004000] console [ttyS0] enabled
[    0.004000] ACPI: Core revision 20170831
[    0.004000] ACPI: 2 ACPI AML tables successfully acquired and loaded
[    0.004000] APIC: Switch to symmetric I/O mode setup
[    0.004000] ..TIMER: vector=0x30 apic1=0 pin1=2 apic2=-1 pin2=-1
[    0.004000] tsc: Detected 3393.726 MHz processor
[    0.004008] Calibrating delay loop (skipped) preset value.. 6787.45 BogoMIPS (lpj=13574904)
[    0.008004] pid_max: default: 32768 minimum: 301
[    0.012079] Security Framework initialized
[    0.016003] Yama: becoming mindful.
[    0.020100] AppArmor: AppArmor initialized
[    0.037162] Dentry cache hash table entries: 262144 (order: 9, 2097152 bytes)
[    0.050378] Inode-cache hash table entries: 131072 (order: 8, 1048576 bytes)
[    0.052178] Mount-cache hash table entries: 4096 (order: 3, 32768 bytes)
[    0.056169] Mountpoint-cache hash table entries: 4096 (order: 3, 32768 bytes)
[    0.064020] Last level iTLB entries: 4KB 1024, 2MB 1024, 4MB 512
[    0.068004] Last level dTLB entries: 4KB 1536, 2MB 1536, 4MB 768, 1GB 0
[    0.072004] Spectre V1 : Mitigation: usercopy/swapgs barriers and __user pointer sanitization
[    0.076004] Spectre V2 : Spectre mitigation: LFENCE not serializing, switching to generic retpoline
[    0.080006] Spectre V2 : Mitigation: Full generic retpoline
[    0.084004] Spectre V2 : Spectre v2 / SpectreRSB mitigation: Filling RSB on context switch
[    0.088005] Speculative Store Bypass: Mitigation: Speculative Store Bypass disabled via prctl and seccomp
[    0.092174] Freeing SMP alternatives memory: 36K
[    0.221402] APIC calibration not consistent with PM-Timer: 105ms instead of 100ms
[    0.224000] APIC delta adjusted to PM-Timer: 6434567 (6796819)
[    0.224398] smpboot: CPU0: AMD Ryzen 5 2600 Six-Core Processor (family: 0x17, model: 0x8, stepping: 0x2)
[    0.228615] Performance Events: PMU not available due to virtualization, using software events only.
[    0.232158] Hierarchical SRCU implementation.
[    0.236842] NMI watchdog: Perf event create on CPU 0 failed with -2
[    0.240004] NMI watchdog: Perf NMI watchdog permanently disabled
[    0.244461] smp: Bringing up secondary CPUs ...
[    0.252068] x86: Booting SMP configuration:
[    0.255795] .... node  #0, CPUs:      #1
[    0.004000] kvm-clock: cpu 1, msr 0:7ff44041, secondary cpu clock
[    0.264000] TSC synchronization [CPU#0 -> CPU#1]:
[    0.264000] Measured 101210 cycles TSC warp between CPUs, turning off TSC clock.
[    0.264000] tsc: Marking TSC unstable due to check_tsc_sync_source failed
[    0.268245] smp: Brought up 1 node, 2 CPUs
[    0.272074] smpboot: Max logical packages: 1
[    0.276005] smpboot: Total of 2 processors activated (13574.90 BogoMIPS)
[    0.280782] devtmpfs: initialized
[    0.284517] x86/mm: Memory block size: 128MB
[    0.292859] evm: security.selinux
[    0.296003] evm: security.SMACK64
[    0.300003] evm: security.SMACK64EXEC
[    0.304003] evm: security.SMACK64TRANSMUTE
[    0.308003] evm: security.SMACK64MMAP
[    0.312003] evm: security.apparmor
[    0.320003] evm: security.ima
[    0.324003] evm: security.capability
[    0.328770] clocksource: jiffies: mask: 0xffffffff max_cycles: 0xffffffff, max_idle_ns: 7645041785100000 ns
[    0.340010] futex hash table entries: 512 (order: 3, 32768 bytes)
[    0.344420] pinctrl core: initialized pinctrl subsystem
[    0.352461] RTC time:  0:40:37, date: 08/06/21
[    0.357127] NET: Registered protocol family 16
[    0.360154] audit: initializing netlink subsys (disabled)
[    0.364283] audit: type=2000 audit(1628210443.872:1): state=initialized audit_enabled=0 res=1
[    0.372113] cpuidle: using governor ladder
[    0.376274] cpuidle: using governor menu
[    0.384127] ACPI: bus type PCI registered
[    0.387471] acpiphp: ACPI Hot Plug PCI Controller Driver version: 0.5
[    0.392414] PCI: Using configuration type 1 for base access
[    0.396000] PCI: Using configuration type 1 for extended access
[    0.404136] HugeTLB registered 2.00 MiB page size, pre-allocated 0 pages
[    0.412622] ACPI: Added _OSI(Module Device)
[    0.416007] ACPI: Added _OSI(Processor Device)
[    0.420006] ACPI: Added _OSI(3.0 _SCP Extensions)
[    0.428004] ACPI: Added _OSI(Processor Aggregator Device)
[    0.432008] ACPI: Added _OSI(Linux-Dell-Video)
[    0.436008] ACPI: Added _OSI(Linux-Lenovo-NV-HDMI-Audio)
[    0.440008] ACPI: Added _OSI(Linux-HPI-Hybrid-Graphics)
[    0.448934] ACPI: Executed 1 blocks of module-level executable AML code
[    0.460849] ACPI: Interpreter enabled
[    0.464021] ACPI: (supports S0 S5)
[    0.467191] ACPI: Using IOAPIC for interrupt routing
[    0.472529] PCI: Using host bridge windows from ACPI; if necessary, use "pci=nocrs" and report a bug
[    0.480238] ACPI: Enabled 2 GPEs in block 00 to 07
[    0.495834] ACPI: PCI Root Bridge [PCI0] (domain 0000 [bus 00-ff])
[    0.500018] acpi PNP0A03:00: _OSC: OS supports [ExtendedConfig ASPM ClockPM Segments MSI]
[    0.509767] acpi PNP0A03:00: _OSC: platform does not support [PCIeCapability]
[    0.517125] acpi PNP0A03:00: _OSC: not requesting control; platform does not support [PCIeCapability]
[    0.528008] acpi PNP0A03:00: _OSC: OS requested [PCIeHotplug PME AER PCIeCapability]
[    0.532005] acpi PNP0A03:00: _OSC: platform willing to grant [PCIeHotplug PME AER]
[    0.536007] acpi PNP0A03:00: _OSC failed (AE_SUPPORT); disabling ASPM
[    0.544698] PCI host bridge to bus 0000:00
[    0.548005] pci_bus 0000:00: root bus resource [io  0x0000-0x0cf7 window]
[    0.552009] pci_bus 0000:00: root bus resource [io  0x0d00-0xffff window]
[    0.560009] pci_bus 0000:00: root bus resource [mem 0x000a0000-0x000bffff window]
[    0.564004] pci_bus 0000:00: root bus resource [mem 0x80000000-0xfdffffff window]
[    0.572004] pci_bus 0000:00: root bus resource [bus 00-ff]
[    0.582493] pci 0000:00:01.1: legacy IDE quirk: reg 0x10: [io  0x01f0-0x01f7]
[    0.588005] pci 0000:00:01.1: legacy IDE quirk: reg 0x14: [io  0x03f6]
[    0.592007] pci 0000:00:01.1: legacy IDE quirk: reg 0x18: [io  0x0170-0x0177]
[    0.596006] pci 0000:00:01.1: legacy IDE quirk: reg 0x1c: [io  0x0376]
[    0.649646] pci 0000:00:07.0: quirk: [io  0x4000-0x403f] claimed by PIIX4 ACPI
[    0.660029] pci 0000:00:07.0: quirk: [io  0x4100-0x410f] claimed by PIIX4 SMB
[    0.681662] ACPI: PCI Interrupt Link [LNKA] (IRQs 5 9 10 *11)
[    0.692615] ACPI: PCI Interrupt Link [LNKB] (IRQs 5 9 *10 11)
[    0.700196] ACPI: PCI Interrupt Link [LNKC] (IRQs 5 *9 10 11)
[    0.712280] ACPI: PCI Interrupt Link [LNKD] (IRQs 5 9 10 *11)
[    0.724466] SCSI subsystem initialized
[    0.732312] pci 0000:00:02.0: vgaarb: setting as boot VGA device
[    0.736000] pci 0000:00:02.0: vgaarb: VGA device added: decodes=io+mem,owns=io+mem,locks=none
[    0.756008] pci 0000:00:02.0: vgaarb: bridge control possible
[    0.764003] vgaarb: loaded
[    0.768033] ACPI: bus type USB registered
[    0.776145] usbcore: registered new interface driver usbfs
[    0.784017] usbcore: registered new interface driver hub
[    0.792128] usbcore: registered new device driver usb
[    0.804647] EDAC MC: Ver: 3.0.0
[    0.812720] PCI: Using ACPI for IRQ routing
[    0.824422] NetLabel: Initializing
[    0.828003] NetLabel:  domain hash size = 128
[    0.836003] NetLabel:  protocols = UNLABELED CIPSOv4 CALIPSO
[    0.844046] NetLabel:  unlabeled traffic allowed by default
[    0.860270] clocksource: Switched to clocksource kvm-clock
[    0.924879] VFS: Disk quotas dquot_6.6.0
[    0.927891] VFS: Dquot-cache hash table entries: 512 (order 0, 4096 bytes)
[    0.934463] AppArmor: AppArmor Filesystem Enabled
[    0.938820] pnp: PnP ACPI init
[    0.943644] pnp: PnP ACPI: found 3 devices
[    0.988726] clocksource: acpi_pm: mask: 0xffffff max_cycles: 0xffffff, max_idle_ns: 2085701024 ns
[    0.996820] NET: Registered protocol family 2
[    1.001410] TCP established hash table entries: 16384 (order: 5, 131072 bytes)
[    1.008540] TCP bind hash table entries: 16384 (order: 6, 262144 bytes)
[    1.015661] TCP: Hash tables configured (established 16384 bind 16384)
[    1.023079] UDP hash table entries: 1024 (order: 3, 32768 bytes)
[    1.028955] UDP-Lite hash table entries: 1024 (order: 3, 32768 bytes)
[    1.034774] NET: Registered protocol family 1
[    1.039035] pci 0000:00:00.0: Limiting direct PCI/PCI transfers
[    1.044681] pci 0000:00:01.0: Activating ISA DMA hang workarounds
[    1.050101] pci 0000:00:02.0: Video device with shadowed ROM at [mem 0x000c0000-0x000dffff]
[    1.058073] Unpacking initramfs...
[    1.704215] Freeing initrd memory: 19224K
[    1.709044] clocksource: tsc: mask: 0xffffffffffffffff max_cycles: 0x30eb27d9af5, max_idle_ns: 440795342927 ns
[    1.717766] platform rtc_cmos: registered platform RTC device (no PNP device found)
[    1.724744] Scanning for low memory corruption every 60 seconds
[    1.731682] Initialise system trusted keyrings
[    1.736615] Key type blacklist registered
[    1.740740] workingset: timestamp_bits=36 max_order=19 bucket_order=0
[    1.749791] zbud: loaded
[    1.753997] squashfs: version 4.0 (2009/01/31) Phillip Lougher
[    1.760419] fuse init (API version 7.26)
[    1.795521] Key type asymmetric registered
[    1.800027] Asymmetric key parser 'x509' registered
[    1.805474] Block layer SCSI generic (bsg) driver version 0.4 loaded (major 246)
[    1.812664] io scheduler noop registered
[    1.816004] io scheduler deadline registered
[    1.820386] io scheduler cfq registered (default)
[    1.824772] ACPI: AC Adapter [AC] (on-line)
[    1.828029] input: Power Button as /devices/LNXSYSTM:00/LNXPWRBN:00/input/input0
[    1.835182] ACPI: Power Button [PWRF]
[    1.838691] input: Sleep Button as /devices/LNXSYSTM:00/LNXSLPBN:00/input/input1
[    1.844957] ACPI: Sleep Button [SLPF]
[    1.849630] Serial: 8250/16550 driver, 32 ports, IRQ sharing enabled
[    1.884854] 00:02: ttyS0 at I/O 0x3f8 (irq = 4, base_baud = 115200) is a 16550A
[    1.912947] Linux agpgart interface v0.103
[    1.929011] loop: module loaded
[    1.935399] scsi host0: ata_piix
[    1.939396] scsi host1: ata_piix
[    1.943129] ata1: PATA max UDMA/33 cmd 0x1f0 ctl 0x3f6 bmdma 0xd000 irq 14
[    1.949762] ata2: PATA max UDMA/33 cmd 0x170 ctl 0x376 bmdma 0xd008 irq 15
[    1.957129] libphy: Fixed MDIO Bus: probed
[    1.960973] tun: Universal TUN/TAP device driver, 1.6
[    1.966163] PPP generic driver version 2.4.2
[    1.970450] ehci_hcd: USB 2.0 'Enhanced' Host Controller (EHCI) Driver
[    1.976515] ehci-pci: EHCI PCI platform driver
[    1.980654] ehci-platform: EHCI generic platform driver
[    1.985565] ohci_hcd: USB 1.1 'Open' Host Controller (OHCI) Driver
[    1.990989] ohci-pci: OHCI PCI platform driver
[    1.995963] ohci-platform: OHCI generic platform driver
[    2.001724] uhci_hcd: USB Universal Host Controller Interface driver
[    2.007237] i8042: PNP: PS/2 Controller [PNP0303:PS2K,PNP0f03:PS2M] at 0x60,0x64 irq 1,12
[    2.017232] serio: i8042 KBD port at 0x60,0x64 irq 1
[    2.021180] serio: i8042 AUX port at 0x60,0x64 irq 12
[    2.025784] mousedev: PS/2 mouse device common for all mice
[    2.031766] input: AT Translated Set 2 keyboard as /devices/platform/i8042/serio0/input/input2
[    2.033859] rtc_cmos rtc_cmos: rtc core: registered rtc_cmos as rtc0
[    2.044944] rtc_cmos rtc_cmos: alarms up to one day, 114 bytes nvram
[    2.049590] i2c /dev entries driver
[    2.052175] device-mapper: uevent: version 1.0.3
[    2.056570] device-mapper: ioctl: 4.37.0-ioctl (2017-09-20) initialised: dm-devel@redhat.com
[    2.062867] ledtrig-cpu: registered to indicate activity on CPUs
[    2.069756] NET: Registered protocol family 10
[    2.087670] Segment Routing with IPv6
[    2.090905] NET: Registered protocol family 17
[    2.095064] Key type dns_resolver registered
[    2.099742] mce: Using 0 MCE banks
[    2.103275] RAS: Correctable Errors collector initialized.
[    2.108503] sched_clock: Marking stable (2108408071, 0)->(2862650111, -754242040)
[    2.140427] registered taskstats version 1
[    2.143816] Loading compiled-in X.509 certificates
[    2.150477] Loaded X.509 cert 'Build time autogenerated kernel key: 399a566a2ea98257ce6f7132c633527e9761cd56'
[    2.159145] zswap: loaded using pool lzo/zbud
[    2.182511] Key type big_key registered
[    2.185738] Key type trusted registered
[    2.192818] Key type encrypted registered
[    2.195864] AppArmor: AppArmor sha1 policy hashing enabled
[    2.200538] ima: No TPM chip found, activating TPM-bypass! (rc=-19)
[    2.204963] ima: Allocated hash algorithm: sha1
[    2.208296] evm: HMAC attrs: 0x1
[    2.211083]   Magic number: 1:591:657
[    2.214366] rtc_cmos rtc_cmos: setting system clock to 2021-08-06 00:40:39 UTC (1628210439)
[    2.221078] BIOS EDD facility v0.16 2004-Jun-25, 0 devices found
[    2.225514] EDD information not available.
[    2.232083] Freeing unused kernel image memory: 2440K
[    2.256546] Write protecting the kernel read-only data: 20480k
[    2.261970] Freeing unused kernel image memory: 2008K
[    2.266350] Freeing unused kernel image memory: 1868K
[    2.277488] x86/mm: Checked W+X mappings: passed, no W+X pages found.
Loading, please wait...
starting version 237
[    2.372515] Fusion MPT base driver 3.04.20
[    2.376673] Copyright (c) 1999-2008 LSI Corporation
[    2.389973] e1000: Intel(R) PRO/1000 Network Driver - version 7.3.21-k8-NAPI
[    2.396471] e1000: Copyright (c) 1999-2006 Intel Corporation.
[    2.426524] Fusion MPT SPI Host driver 3.04.20
[    2.652013] input: ImExPS/2 Generic Explorer Mouse as /devices/platform/i8042/serio1/input/input4
[    3.312328] e1000 0000:00:03.0 eth0: (PCI:33MHz:32-bit) 02:ed:54:94:72:f1
[    3.318309] e1000 0000:00:03.0 eth0: Intel(R) PRO/1000 Network Connection
[    3.325368] e1000 0000:00:03.0 enp0s3: renamed from eth0
[    3.325482] mptbase: ioc0: Initiating bringup
[    3.459582] ioc0: LSI53C1030 A0: Capabilities={Initiator}
[    3.715548] scsi host2: ioc0: LSI53C1030 A0, FwRev=00000000h, Ports=1, MaxQ=256, IRQ=20
[    3.890112] scsi 2:0:0:0: Direct-Access     VBOX     HARDDISK         1.0  PQ: 0 ANSI: 5
[    3.932045] scsi target2:0:0: Beginning Domain Validation
[    3.942421] scsi target2:0:0: Domain Validation skipping write tests
[    3.947535] scsi target2:0:0: Ending Domain Validation
[    3.952256] scsi target2:0:0: asynchronous
[    3.955961] random: fast init done
[    3.960636] scsi 2:0:1:0: Direct-Access     VBOX     HARDDISK         1.0  PQ: 0 ANSI: 5
[    3.996716] scsi target2:0:1: Beginning Domain Validation
[    4.009262] scsi target2:0:1: Domain Validation skipping write tests
[    4.014595] scsi target2:0:1: Ending Domain Validation
[    4.019670] scsi target2:0:1: asynchronous
[    4.035603] sd 2:0:0:0: Attached scsi generic sg0 type 0
[    4.035766] random: systemd-udevd: uninitialized urandom read (16 bytes read)
[    4.041040] sd 2:0:1:0: Attached scsi generic sg1 type 0
[    4.048274] sd 2:0:0:0: [sda] 83886080 512-byte logical blocks: (42.9 GB/40.0 GiB)
[    4.059446] random: systemd-udevd: uninitialized urandom read (16 bytes read)
[    4.066089] random: systemd-udevd: uninitialized urandom read (16 bytes read)
[    4.066209] sd 2:0:0:0: [sda] Write Protect is off
[    4.073266] sd 2:0:1:0: [sdb] 20480 512-byte logical blocks: (10.5 MB/10.0 MiB)
[    4.083206] sd 2:0:1:0: [sdb] Write Protect is off
[    4.088162] sd 2:0:0:0: [sda] Incomplete mode parameter data
[    4.088753] sd 2:0:1:0: [sdb] Incomplete mode parameter data
[    4.092850] sd 2:0:0:0: [sda] Assuming drive cache: write through
[    4.097289] sd 2:0:1:0: [sdb] Assuming drive cache: write through
[    4.114278]  sda: sda1
[    4.118866] sd 2:0:0:0: [sda] Attached SCSI disk
[    4.123451] sd 2:0:1:0: [sdb] Attached SCSI disk
Begin: Loading essential drivers ... [  186.492076] INFO: rcu_sched self-detected stall on CPU
[  186.492079] INFO: rcu_sched detected stalls on CPUs/tasks:
[  186.495734] 	1-...!: (1 ticks this GP) idle=7f2/140000000000001/0 softirq=789/790 fqs=0 
[  186.507185] 	 (t=45079 jiffies g=-115 c=-116 q=358)
[  186.507217] 	1-...!: (1 ticks this GP) idle=7f2/140000000000001/0 softirq=789/790 fqs=0 
[  186.510940] rcu_sched kthread starved for 45079 jiffies! g18446744073709551501 c18446744073709551500 f0x0 RCU_GP_WAIT_FQS(3) ->state=0x402 ->cpu=0
[  186.518635] 	(detected by 0, t=45079 jiffies, g=-115, c=-116, q=358)
[  186.528568] rcu_sched       I    0     8      2 0x80000000
[  186.533336] Sending NMI from CPU 0 to CPUs 1:
[  186.537602] Call Trace:
[  186.537612]  __schedule+0x24e/0x880
[  186.537616]  schedule+0x2c/0x80
[  186.541868] NMI backtrace for cpu 1
[  186.541869] CPU: 1 PID: 249 Comm: modprobe Not tainted 4.15.0-135-generic #139-Ubuntu
[  186.541870] Hardware name: innotek GmbH VirtualBox/VirtualBox, BIOS VirtualBox 12/01/2006
[  186.541870] RIP: 0010:io_serial_in+0x18/0x20
[  186.541870] RSP: 0018:ffff8d14bfd03ad0 EFLAGS: 00010002
[  186.541871] RAX: ffffffff8521b120 RBX: ffffffff8670de60 RCX: 0000000000000000
[  186.541871] RDX: 00000000000003fd RSI: 0000000000000005 RDI: ffffffff8670de60
[  186.541872] RBP: ffff8d14bfd03ad0 R08: 0000000000000000 R09: 0000000000000007
[  186.541872] R10: 0000000000000000 R11: ffffffff8656180d R12: 0000000000002710
[  186.541872] R13: 0000000000000020 R14: ffffffff86561802 R15: ffffffff8670de60
[  186.541873] FS:  00007f29dd3cd540(0000) GS:ffff8d14bfd00000(0000) knlGS:0000000000000000
[  186.541873] CS:  0010 DS: 0000 ES: 0000 CR0: 0000000080050033
[  186.541873] CR2: 00007f29dd3c5884 CR3: 0000000036a54000 CR4: 00000000000006e0
[  186.541873] Call Trace:
[  186.541874]  <IRQ>
[  186.541874]  wait_for_xmitr+0x47/0xb0
[  186.541874]  serial8250_console_putchar+0x1c/0x40
[  186.541874]  ? wait_for_xmitr+0xb0/0xb0
[  186.541875]  uart_console_write+0x4c/0x60
[  186.541875]  serial8250_console_write+0x10a/0x2b0
[  186.541875]  ? msg_print_text+0x80/0x100
[  186.541875]  univ8250_console_write+0x21/0x30
[  186.541875]  console_unlock+0x3cf/0x560
[  186.541876]  vprintk_emit+0x134/0x2c0
[  186.541876]  ? schedule+0x2c/0x80
[  186.541876]  vprintk_default+0x29/0x50
[  186.541876]  vprintk_func+0x47/0xc0
[  186.541877]  printk+0x52/0x6e
[  186.541877]  ? kernel_text_address+0xe8/0xf0
[  186.541877]  ? schedule+0x2c/0x80
[  186.541877]  ? schedule+0x2c/0x80
[  186.541878]  show_trace_log_lvl+0x218/0x3d0
[  186.541878]  ? schedule+0x2c/0x80
[  186.541878]  ? schedule+0x2c/0x80
[  186.541878]  show_stack+0x34/0x50
[  186.541878]  sched_show_task+0xfe/0x130
[  186.541879]  rcu_check_gp_kthread_starvation+0xad/0xc0
[  186.541879]  rcu_check_callbacks+0x6c5/0x8e0
[  186.541879]  ? tick_sched_do_timer+0x50/0x50
[  186.541880]  update_process_times+0x2f/0x60
[  186.541880]  tick_sched_handle+0x26/0x70
[  186.541880]  ? tick_sched_do_timer+0x42/0x50
[  186.541880]  tick_sched_timer+0x39/0x80
[  186.541880]  __hrtimer_run_queues+0xdf/0x230
[  186.541881]  hrtimer_interrupt+0xa0/0x1d0
[  186.541881]  smp_apic_timer_interrupt+0x6f/0x140
[  186.541881]  apic_timer_interrupt+0x90/0xa0
[  186.541882]  </IRQ>
[  186.541882] RIP: 0010:init_module+0xda/0x1000 [raid6_pq]
[  186.541882] RSP: 0018:ffffb9f600577ba0 EFLAGS: 00010246 ORIG_RAX: ffffffffffffff11
[  186.541883] RAX: 00000000fffee111 RBX: 0000000000000000 RCX: 00000000fffee111
[  186.541883] RDX: 0000000036abe000 RSI: 0000000000000000 RDI: 0000000000000246
[  186.541883] RBP: ffffb9f600577c70 R08: 0000000000026d00 R09: 000000000007681b
[  186.541884] R10: 0000000000000001 R11: 0000000000000000 R12: 0000000000000000
[  186.541884] R13: 0000000000000000 R14: ffff8d1476abe000 R15: ffffffffc0187140
[  186.541884]  ? 0xffffffffc019f000
[  186.541884]  do_one_initcall+0x52/0x19f
[  186.541885]  ? _cond_resched+0x19/0x40
[  186.541885]  ? kmem_cache_alloc_trace+0x9f/0x1d0
[  186.541885]  ? do_init_module+0x27/0x213
[  186.541886]  do_init_module+0x5f/0x213
[  186.541886]  load_module+0x16bd/0x1f20
[  186.541886]  ? ima_post_read_file+0x96/0xa0
[  186.541886]  SYSC_finit_module+0xfc/0x120
[  186.541886]  ? SYSC_finit_module+0xfc/0x120
[  186.541887]  SyS_finit_module+0xe/0x10
[  186.541887]  do_syscall_64+0x73/0x130
[  186.541887]  entry_SYSCALL_64_after_hwframe+0x41/0xa6
[  186.541887] RIP: 0033:0x7f29dced0639
[  186.541887] RSP: 002b:00007fff194eb4e8 EFLAGS: 00000246 ORIG_RAX: 0000000000000139
[  186.541888] RAX: ffffffffffffffda RBX: 000055de349f5880 RCX: 00007f29dced0639
[  186.541888] RDX: 0000000000000000 RSI: 000055de3285ecee RDI: 0000000000000004
[  186.541888] RBP: 000055de3285ecee R08: 0000000000000000 R09: 000055de349f4e00
[  186.541889] R10: 0000000000000004 R11: 0000000000000246 R12: 0000000000000000
[  186.541889] R13: 000055de349f5830 R14: 0000000000060000 R15: 000055de349f4e00
[  186.541889] Code: 48 89 e5 d3 e6 48 63 f6 48 03 77 10 8b 06 5d c3 0f 1f 00 0f 1f 44 00 00 0f b6 8f a1 00 00 00 8b 57 08 55 48 89 e5 d3 e6 01 f2 ec <0f> b6 c0 5d c3 0f 1f 00 0f 1f 44 00 00 0f b6 8f a1 00 00 00 89 
[  186.541898] rcu_sched kthread starved for 45079 jiffies! g18446744073709551501 c18446744073709551500 f0x0 RCU_GP_WAIT_FQS(3) ->state=0x402 ->cpu=0
[  186.543335]  schedule_timeout+0x15d/0x370
[  186.547853] rcu_sched       I    0     8      2 0x80000000
[  186.550706]  ? __next_timer_interrupt+0xe0/0xe0
[  186.553226] Call Trace:
[  186.559916]  rcu_gp_kthread+0x53a/0x980
[  186.566008]  __schedule+0x24e/0x880
[  186.569891]  kthread+0x121/0x140
[  186.573755]  schedule+0x2c/0x80
[  186.582368]  ? rcu_note_context_switch+0x150/0x150
[  186.587484]  schedule_timeout+0x15d/0x370
[  186.593755]  ? kthread_create_worker_on_cpu+0x70/0x70
[  186.598620]  ? __next_timer_interrupt+0xe0/0xe0
[  186.604845]  ret_from_fork+0x35/0x40
[  186.612949]  rcu_gp_kthread+0x53a/0x980
[  186.617927] NMI backtrace for cpu 1
[  186.623808]  kthread+0x121/0x140
[  186.626255] CPU: 1 PID: 249 Comm: modprobe Not tainted 4.15.0-135-generic #139-Ubuntu
[  186.628230]  ? rcu_note_context_switch+0x150/0x150
[  186.631524] Hardware name: innotek GmbH VirtualBox/VirtualBox, BIOS VirtualBox 12/01/2006
[  186.631526] Call Trace:
[  186.635933]  ? kthread_create_worker_on_cpu+0x70/0x70
[  186.639458]  <IRQ>
[  186.647473]  ret_from_fork+0x35/0x40
[  186.651665]  dump_stack+0x6d/0x8e
[  187.016740]  nmi_cpu_backtrace+0x94/0xa0
[  187.020136]  ? lapic_can_unplug_cpu+0xb0/0xb0
[  187.023881]  nmi_trigger_cpumask_backtrace+0xe7/0x130
[  187.030627]  arch_trigger_cpumask_backtrace+0x19/0x20
[  187.034932]  rcu_dump_cpu_stacks+0xa3/0xdb
[  187.038509]  rcu_check_callbacks+0x6cd/0x8e0
[  187.042192]  ? tick_sched_do_timer+0x50/0x50
[  187.045863]  update_process_times+0x2f/0x60
[  187.049482]  tick_sched_handle+0x26/0x70
[  187.052862]  ? tick_sched_do_timer+0x42/0x50
[  187.056517]  tick_sched_timer+0x39/0x80
[  187.062219]  __hrtimer_run_queues+0xdf/0x230
[  187.065920]  hrtimer_interrupt+0xa0/0x1d0
[  187.069440]  smp_apic_timer_interrupt+0x6f/0x140
[  187.073378]  apic_timer_interrupt+0x90/0xa0
[  187.076979]  </IRQ>
[  187.078962] RIP: 0010:init_module+0xda/0x1000 [raid6_pq]
[  187.083470] RSP: 0018:ffffb9f600577ba0 EFLAGS: 00010246 ORIG_RAX: ffffffffffffff11
[  187.089814] RAX: 00000000fffee111 RBX: 0000000000000000 RCX: 00000000fffee111
[  187.098385] RDX: 0000000036abe000 RSI: 0000000000000000 RDI: 0000000000000246
[  187.104348] RBP: ffffb9f600577c70 R08: 0000000000026d00 R09: 000000000007681b
[  187.110312] R10: 0000000000000001 R11: 0000000000000000 R12: 0000000000000000
[  187.116247] R13: 0000000000000000 R14: ffff8d1476abe000 R15: ffffffffc0187140
[  187.122196]  ? 0xffffffffc019f000
[  187.127496]  do_one_initcall+0x52/0x19f
[  187.130956]  ? _cond_resched+0x19/0x40
[  187.134318]  ? kmem_cache_alloc_trace+0x9f/0x1d0
[  187.138275]  ? do_init_module+0x27/0x213
[  187.141707]  do_init_module+0x5f/0x213
[  187.145094]  load_module+0x16bd/0x1f20
[  187.148407]  ? ima_post_read_file+0x96/0xa0
[  187.152055]  SYSC_finit_module+0xfc/0x120
[  187.158436]  ? SYSC_finit_module+0xfc/0x120
[  187.162087]  SyS_finit_module+0xe/0x10
[  187.165438]  do_syscall_64+0x73/0x130
[  187.168686]  entry_SYSCALL_64_after_hwframe+0x41/0xa6
[  187.173067] RIP: 0033:0x7f29dced0639
[  187.176257] RSP: 002b:00007fff194eb4e8 EFLAGS: 00000246 ORIG_RAX: 0000000000000139
[  187.182733] RAX: ffffffffffffffda RBX: 000055de349f5880 RCX: 00007f29dced0639
[  187.191115] RDX: 0000000000000000 RSI: 000055de3285ecee RDI: 0000000000000004
[  187.197022] RBP: 000055de3285ecee R08: 0000000000000000 R09: 000055de349f4e00
[  187.203000] R10: 0000000000000004 R11: 0000000000000246 R12: 0000000000000000
[  187.208951] R13: 000055de349f5830 R14: 0000000000060000 R15: 000055de349f4e00
[  187.262410] raid6: sse2x1   gen()  7541 MB/s
[  207.585500] raid6: sse2x1   xor() 3429223 MB/s
[  207.640309] raid6: sse2x2   gen() 15297 MB/s
[  207.693730] raid6: sse2x2   xor()  9758 MB/s
[  207.758165] raid6: sse2x4   gen() 19443 MB/s
[  207.822677] raid6: sse2x4   xor() 10871 MB/s
[  207.825934] raid6: using algorithm sse2x4 gen() 19443 MB/s
[  207.829931] raid6: .... xor() 10871 MB/s, rmw enabled
[  207.833658] raid6: using ssse3x2 recovery algorithm
[  207.839616] xor: measuring software checksum speed
[  207.880208]    prefetch64-sse: 15407.000 MB/sec
[  207.920350]    generic_sse: 13651.000 MB/sec
[  207.923593] xor: using function: prefetch64-sse (15407.000 MB/sec)
[  207.930539] async_tx: api initialized (async)
done.
Begin: Running /scripts/init-premount ... done.
Begin: Mounting root file system ... Begin: Running /scripts/local-top ... done.
Begin: Running /scripts/local-premount ... [  207.989873] Btrfs loaded, crc32c=crc32c-intel
Scanning for Btrfs filesystems
done.
Warning: fsck not present, so skipping root file system
[  208.094219] EXT4-fs (sda1): mounted filesystem with ordered data mode. Opts: (null)
done.
Begin: Running /scripts/local-bottom ... done.
Begin: Running /scripts/init-bottom ... done.
[  208.797320] ip_tables: (C) 2000-2006 Netfilter Core Team
[  208.848499] systemd[1]: systemd 237 running in system mode. (+PAM +AUDIT +SELINUX +IMA +APPARMOR +SMACK +SYSVINIT +UTMP +LIBCRYPTSETUP +GCRYPT +GNUTLS +ACL +XZ +LZ4 +SECCOMP +BLKID +ELFUTILS +KMOD -IDN2 +IDN -PCRE2 default-hierarchy=hybrid)
[  208.864384] systemd[1]: Detected virtualization oracle.
[  208.868513] systemd[1]: Detected architecture x86-64.

Welcome to [1mUbuntu 18.04.5 LTS[0m!

[  208.900944] systemd[1]: Set hostname to <ubuntu>.
[  208.933549] systemd[1]: Initializing machine ID from random generator.
[  208.938586] systemd[1]: Installed transient /etc/machine-id file.
[  209.806425] systemd[1]: Created slice User and Session Slice.
[[0;32m  OK  [0m] Created slice User and Session Slice.
[  209.813612] systemd[1]: Created slice System Slice.
[[0;32m  OK  [0m] Created slice System Slice.
[  209.819121] systemd[1]: Listening on Device-mapper event daemon FIFOs.
[[0;32m  OK  [0m] Listening on Device-mapper event daemon FIFOs.
[  209.826603] systemd[1]: Listening on Syslog Socket.
[[0;32m  OK  [0m] Listening on Syslog Socket.
[[0;32m  OK  [0m] Set up automount Arbitrary Executab…rmats File System Automount Point.
[[0;32m  OK  [0m] Reached target Slices.
[[0;32m  OK  [0m] Listening on LVM2 poll daemon socket.
[[0;32m  OK  [0m] Listening on Journal Audit Socket.
[[0;32m  OK  [0m] Reached target User and Group Name Lookups.
[[0;32m  OK  [0m] Listening on /dev/initctl Compatibility Named Pipe.
[[0;32m  OK  [0m] Listening on Journal Socket (/dev/log).
[[0;32m  OK  [0m] Listening on udev Control Socket.
[[0;32m  OK  [0m] Reached target System Time Synchronized.
[[0;32m  OK  [0m] Listening on udev Kernel Socket.
[[0;32m  OK  [0m] Listening on Journal Socket.
         Starting Uncomplicated firewall...
         Starting Remount Root and Kernel File Systems...
         Starting Journal Service...
         Starting udev Coldplug all Devices...
         Mounting Kernel Debug File System...
         Starting Create list of required st…ce nodes for the current kernel...
         Starting Set the console keyboard layout...
[  209.893265] random: crng init done
[  209.896232] random: 7 urandom warning(s) missed due to ratelimiting
         Mounting Huge Pages File System...
         Mounting POSIX Message Queue File System...
[[0;32m  OK  [0m] Created slice system-serial\x2dgetty.slice.
[[0;32m  OK  [0m] Reached target Swap.
[  210.052300] EXT4-fs (sda1): re-mounted. Opts: (null)
         Starting Load Kernel Modules...
[[0;32m  OK  [0m] Listening on LVM2 metadata daemon socket.
         Starting Monitoring of LVM2 mirrors…ng dmeventd or progress polling...
[[0;32m  OK  [0m] Listening on Network Service Netlink Socket.
[[0;32m  OK  [0m] Started Forward Password Requests to Wall Directory Watch.
[[0;32m  OK  [0m] Started Journal Service.
[[0;32m  OK  [0m] Started Uncomplicated firewall.
[[0;32m  OK  [0m] Started Remount Root and Kernel File Systems.
[[0;32m  OK  [0m] Mounted Kernel Debug File System.
[[0;32m  OK  [0m] Started Create list of required sta…vice nodes for the current kernel.
[[0;32m  OK  [0m] Mounted Huge Pages File System.
[[0;32m  OK  [0m] Mounted POSIX Message Queue File System.
[  210.124734] Loading iSCSI transport class v2.0-870.
         Starting Create Static Device Nodes in /dev...
         Starting Load/Save Random Seed...
         Starting Flush Journal to Persistent Storage...
[[0;32m  OK  [0m] Started udev Coldplug all Devices.
[  210.188929] iscsi: registered transport (tcp)
[[0;32m  OK  [0m] Started Load/Save Random Seed.
[  210.276960] systemd-journald[381]: Received request to flush runtime journal from PID 1
[[0;32m  OK  [0m] Started LVM2 metadata daemon.
[[0;32m  OK  [0m] Started Set the console keyboard layout.
[  210.399715] iscsi: registered transport (iser)
[[0;32m  OK  [0m] Started Load Kernel Modules.
         Starting Apply Kernel Variables...
         Mounting FUSE Control File System...
         Mounting Kernel Configuration File System...
[[0;32m  OK  [0m] Mounted FUSE Control File System.
[[0;32m  OK  [0m] Mounted Kernel Configuration File System.
[[0;32m  OK  [0m] Started Create Static Device Nodes in /dev.
         Starting udev Kernel Device Manager...
[[0;32m  OK  [0m] Started Flush Journal to Persistent Storage.
[[0;32m  OK  [0m] Started Apply Kernel Variables.
[[0;32m  OK  [0m] Started Monitoring of LVM2 mirrors,…sing dmeventd or progress polling.
[[0;32m  OK  [0m] Reached target Local File Systems (Pre).
[[0;32m  OK  [0m] Reached target Local File Systems.
         Starting Set console font and keymap...
         Starting ebtables ruleset management...
         Starting Create Volatile Files and Directories...
         Starting Commit a transient machine-id on disk...
         Starting AppArmor initialization...
         Starting Tell Plymouth To Write Out Runtime Data...
[[0;32m  OK  [0m] Started udev Kernel Device Manager.
[[0;32m  OK  [0m] Started Dispatch Password Requests to Console Directory Watch.
[[0;32m  OK  [0m] Reached target Local Encrypted Volumes.
[[0;32m  OK  [0m] Started Set console font and keymap.
[[0;32m  OK  [0m] Started Create Volatile Files and Directories.
         Starting Update UTMP about System Boot/Shutdown...
[[0;32m  OK  [0m] Started Tell Plymouth To Write Out Runtime Data.
[[0;32m  OK  [0m] Started Update UTMP about System Boot/Shutdown.
[[0;32m  OK  [0m] Started Commit a transient machine-id on disk.
[[0;32m  OK  [0m] Found device /dev/ttyS0.
[[0;32m  OK  [0m] Started ebtables ruleset management.
[[0;32m  OK  [0m] Listening on Load/Save RF Kill Switch Status /dev/rfkill Watch.
[[0;32m  OK  [0m] Started AppArmor initialization.
         Starting Load AppArmor profiles managed internally by snapd...
         Starting Initial cloud-init job (pre-networking)...
[[0;32m  OK  [0m] Started Load AppArmor profiles managed internally by snapd.
[  214.297287] cloud-init[514]: Cloud-init v. 20.4.1-0ubuntu1~18.04.1 running 'init-local' at Fri, 06 Aug 2021 00:44:11 +0000. Up 213.74 seconds.
[[0;32m  OK  [0m] Started Initial cloud-init job (pre-networking).
[[0;32m  OK  [0m] Reached target Network (Pre).
         Starting Network Service...
[[0;32m  OK  [0m] Started Network Service.
         Starting Network Name Resolution...
         Starting Wait for Network to be Configured...
[[0;32m  OK  [0m] Started Network Name Resolution.
[[0;32m  OK  [0m] Reached target Network.
[[0;32m  OK  [0m] Reached target Host and Network Name Lookups.
[[0;32m  OK  [0m] Started Wait for Network to be Configured.
         Starting Initial cloud-init job (metadata service crawler)...
[  216.025875] cloud-init[635]: Cloud-init v. 20.4.1-0ubuntu1~18.04.1 running 'init' at Fri, 06 Aug 2021 00:44:13 +0000. Up 215.88 seconds.
[  216.032855] cloud-init[635]: ci-info: ++++++++++++++++++++++++++++++++++++++Net device info++++++++++++++++++++++++++++++++++++++
[  216.038913] cloud-init[635]: ci-info: +--------+------+----------------------------+---------------+--------+-------------------+
[  216.045596] cloud-init[635]: ci-info: | Device |  Up  |          Address           |      Mask     | Scope  |     Hw-Address    |
[  216.051870] cloud-init[635]: ci-info: +--------+------+----------------------------+---------------+--------+-------------------+
[  216.058107] cloud-init[635]: ci-info: | enp0s3 | True |         10.0.2.15          | 255.255.255.0 | global | 02:ed:54:94:72:f1 |
[  216.064725] cloud-init[635]: ci-info: | enp0s3 | True | fe80::ed:54ff:fe94:72f1/64 |       .       |  link  | 02:ed:54:94:72:f1 |
[  216.070815] cloud-init[635]: ci-info: |   lo   | True |         127.0.0.1          |   255.0.0.0   |  host  |         .         |
[  216.079205] cloud-init[635]: ci-info: |   lo   | True |          ::1/128           |       .       |  host  |         .         |
[  216.086022] cloud-init[635]: ci-info: +--------+------+----------------------------+---------------+--------+-------------------+
[  216.092434] cloud-init[635]: ci-info: ++++++++++++++++++++++++++++Route IPv4 info+++++++++++++++++++++++++++++
[  216.098007] cloud-init[635]: ci-info: +-------+-------------+----------+-----------------+-----------+-------+
[  216.103623] cloud-init[635]: ci-info: | Route | Destination | Gateway  |     Genmask     | Interface | Flags |
[  216.109601] cloud-init[635]: ci-info: +-------+-------------+----------+-----------------+-----------+-------+
[  216.115484] cloud-init[635]: ci-info: |   0   |   0.0.0.0   | 10.0.2.2 |     0.0.0.0     |   enp0s3  |   UG  |
[  216.121021] cloud-init[635]: ci-info: |   1   |   10.0.2.0  | 0.0.0.0  |  255.255.255.0  |   enp0s3  |   U   |
[  216.126798] cloud-init[635]: ci-info: |   2   |   10.0.2.2  | 0.0.0.0  | 255.255.255.255 |   enp0s3  |   UH  |
[  216.132711] cloud-init[635]: ci-info: +-------+-------------+----------+-----------------+-----------+-------+
[  216.138398] cloud-init[635]: ci-info: +++++++++++++++++++Route IPv6 info+++++++++++++++++++
[  216.143698] cloud-init[635]: ci-info: +-------+-------------+---------+-----------+-------+
[  216.149069] cloud-init[635]: ci-info: | Route | Destination | Gateway | Interface | Flags |
[  216.154300] cloud-init[635]: ci-info: +-------+-------------+---------+-----------+-------+
[  216.159278] cloud-init[635]: ci-info: |   1   |  fe80::/64  |    ::   |   enp0s3  |   U   |
[  216.164654] cloud-init[635]: ci-info: |   3   |    local    |    ::   |   enp0s3  |   U   |
[  216.170126] cloud-init[635]: ci-info: |   4   |   ff00::/8  |    ::   |   enp0s3  |   U   |
[  216.175088] cloud-init[635]: ci-info: +-------+-------------+---------+-----------+-------+
[  217.538866] cloud-init[635]: Generating public/private rsa key pair.
[  217.541394] cloud-init[635]: Your identification has been saved in /etc/ssh/ssh_host_rsa_key.
[  217.544378] cloud-init[635]: Your public key has been saved in /etc/ssh/ssh_host_rsa_key.pub.
[  217.547550] cloud-init[635]: The key fingerprint is:
[  217.549462] cloud-init[635]: SHA256:YkpkKms7UOeedPnBmIDxJD/wh3GtuAAmr/XdISLz8fY root@ubuntu-bionic
[  217.552855] cloud-init[635]: The key's randomart image is:
[  217.554863] cloud-init[635]: +---[RSA 2048]----+
[  217.556669] cloud-init[635]: |       .         |
[  217.558366] cloud-init[635]: |o.+ o . .        |
[  217.560106] cloud-init[635]: |oo Xo= .         |
[  217.561926] cloud-init[635]: |  O+% + .        |
[  217.564765] cloud-init[635]: |.+.O.XoBS.       |
[  217.566715] cloud-init[635]: |oo .*oO.+        |
[  217.568837] cloud-init[635]: |o. o.+ o .       |
[  217.570582] cloud-init[635]: |... o   E        |
[  217.572565] cloud-init[635]: | ..              |
[  217.574367] cloud-init[635]: +----[SHA256]-----+
[  217.576033] cloud-init[635]: Generating public/private dsa key pair.
[  217.578688] cloud-init[635]: Your identification has been saved in /etc/ssh/ssh_host_dsa_key.
[  217.581745] cloud-init[635]: Your public key has been saved in /etc/ssh/ssh_host_dsa_key.pub.
[  217.584646] cloud-init[635]: The key fingerprint is:
[  217.586705] cloud-init[635]: SHA256:7dWNNWfhpGPjK+8bDuU+vD6gv4LVW4gFFx2GRboRx+8 root@ubuntu-bionic
[  217.589862] cloud-init[635]: The key's randomart image is:
[  217.591850] cloud-init[635]: +---[DSA 1024]----+
[  217.593589] cloud-init[635]: |           oB*.o |
[  217.595514] cloud-init[635]: |         . o=o+ .|
[  217.597285] cloud-init[635]: |          oo =.o+|
[  217.598938] cloud-init[635]: |         . .=.o*o|
[  217.600735] cloud-init[635]: |        S =.oo+ .|
[  217.602722] cloud-init[635]: |         + =o..E |
[  217.604751] cloud-init[635]: |        o oo=+   |
[  217.606838] cloud-init[635]: |       . o .*+.  |
[  217.608606] cloud-init[635]: |          oo+O=  |
[  217.610521] cloud-init[635]: +----[SHA256]-----+
[  217.612401] cloud-init[635]: Generating public/private ecdsa key pair.
[  217.614720] cloud-init[635]: Your identification has been saved in /etc/ssh/ssh_host_ecdsa_key.
[  217.618173] cloud-init[635]: Your public key has been saved in /etc/ssh/ssh_host_ecdsa_key.pub.
[  217.621289] cloud-init[635]: The key fingerprint is:
[  217.623149] cloud-init[635]: SHA256:M9Xw4k31i+LRcrti4Rwt2dvG7n3wHpr0+vGs79fOhaY root@ubuntu-bionic
[  217.626162] cloud-init[635]: The key's randomart image is:
[  217.628046] cloud-init[635]: +---[ECDSA 256]---+
[  217.629961] cloud-init[635]: |          .   .  |
[  217.631683] cloud-init[635]: |           + . . |
[  217.633443] cloud-init[635]: |          o +   .|
[  217.635427] cloud-init[635]: |         o +. . .|
[  217.637325] cloud-init[635]: |        S .+=+ . |
[  217.639077] cloud-init[635]: |         o.==oo. |
[  217.640845] cloud-init[635]: |          o.+o*=o|
[  217.642986] cloud-init[635]: |           =.+=*@|
[  217.644765] cloud-init[635]: |          . E=B@%|
[  217.646564] cloud-init[635]: +----[SHA256]-----+
[  217.648546] cloud-init[635]: Generating public/private ed25519 key pair.
[  217.650902] cloud-init[635]: Your identification has been saved in /etc/ssh/ssh_host_ed25519_key.
[  217.653933] cloud-init[635]: Your public key has been saved in /etc/ssh/ssh_host_ed25519_key.pub.
[  217.657102] cloud-init[635]: The key fingerprint is:
[  217.659168] cloud-init[635]: SHA256:KARzc6OpyF72Am0x49MJXKCjonHRWqa2tHce7HaJv8E root@ubuntu-bionic
[  217.662180] cloud-init[635]: The key's randomart image is:
[  217.664101] cloud-init[635]: +--[ED25519 256]--+
[  217.666053] cloud-init[635]: |  o.+.o          |
[  217.668002] cloud-init[635]: |  o=.= .         |
[  217.669752] cloud-init[635]: | o.*B            |
[  217.671442] cloud-init[635]: |o.+O* ..         |
[  217.673182] cloud-init[635]: |=oBB.o. S        |
[  217.675055] cloud-init[635]: |+==ooo .         |
[  217.676864] cloud-init[635]: |..o...+.E.       |
[  217.678513] cloud-init[635]: |   ..+o.o.       |
[  217.680524] cloud-init[635]: |     .ooo.       |
[  217.682302] cloud-init[635]: +----[SHA256]-----+
[[0;32m  OK  [0m] Started Initial cloud-init job (metadata service crawler).
[[0;32m  OK  [0m] Reached target Network is Online.
         Starting Availability of block devices...
[[0;32m  OK  [0m] Reached target Remote File Systems (Pre).
[[0;32m  OK  [0m] Reached target Remote File Systems.
[[0;32m  OK  [0m] Reached target Cloud-config availability.
[[0;32m  OK  [0m] Reached target System Initialization.
[[0;32m  OK  [0m] Started ACPI Events Check.
         Starting Socket activation for snappy daemon.
[[0;32m  OK  [0m] Started Discard unused blocks once a week.
[[0;32m  OK  [0m] Started Daily Cleanup of Temporary Directories.
[[0;32m  OK  [0m] Listening on D-Bus System Message Bus Socket.
[[0;32m  OK  [0m] Listening on Open-iSCSI iscsid Socket.
[[0;32m  OK  [0m] Started Message of the Day.
         Starting LXD - unix socket.
[[0;32m  OK  [0m] Started Daily apt download activities.
[[0;32m  OK  [0m] Reached target Paths.
[[0;32m  OK  [0m] Started Daily apt upgrade and clean activities.
[[0;32m  OK  [0m] Reached target Timers.
[[0;32m  OK  [0m] Listening on UUID daemon activation socket.
[[0;32m  OK  [0m] Listening on ACPID Listen Socket.
[[0;32m  OK  [0m] Started Availability of block devices.
[[0;32m  OK  [0m] Listening on Socket activation for snappy daemon.
[[0;32m  OK  [0m] Listening on LXD - unix socket.
[[0;32m  OK  [0m] Reached target Sockets.
[[0;32m  OK  [0m] Reached target Basic System.
         Starting LXD - container startup/shutdown...
         Starting Accounts Service...
[[0;32m  OK  [0m] Started Regular background program processing daemon.
         Starting Dispatcher daemon for systemd-networkd...
         Starting Login Service...
         Starting Permit User Sessions...
         Starting System Logging Service...
[[0;32m  OK  [0m] Started FUSE filesystem for LXC.
[[0;32m  OK  [0m] Started D-Bus System Message Bus.
         Starting LSB: automatic crash report generation...
[[0;32m  OK  [0m] Started Deferred execution scheduler.
         Starting Virtualbox guest utils...
[[0;32m  OK  [0m] Started irqbalance daemon.
         Starting LSB: Record successful boot for GRUB...
         Starting Pollinate to seed the pseudo random number generator...
         Starting Snap Daemon...
[[0;32m  OK  [0m] Started System Logging Service.
[[0;32m  OK  [0m] Started Permit User Sessions.
[[0;32m  OK  [0m] Started Login Service.
         Starting Authorization Manager...
[[0;32m  OK  [0m] Started Unattended Upgrades Shutdown.
         Starting Terminate Plymouth Boot Screen...
         Starting Hold until boot process finishes up...
[[0;32m  OK  [0m] Started Hold until boot process finishes up.
[[0;32m  OK  [0m] Started Terminate Plymouth Boot Screen.
         Starting Set console scheme...
[[0;32m  OK  [0m] Started Serial Getty on ttyS0.
[[0;32m  OK  [0m] Started Set console scheme.
[[0;32m  OK  [0m] Created slice system-getty.slice.
[[0;32m  OK  [0m] Started Getty on tty1.
[[0;32m  OK  [0m] Reached target Login Prompts.
[[0;32m  OK  [0m] Started LSB: automatic crash report generation.
[[0;32m  OK  [0m] Started LSB: Record successful boot for GRUB.
[[0;32m  OK  [0m] Started LXD - container startup/shutdown.
[[0;32m  OK  [0m] Started Authorization Manager.
[[0;32m  OK  [0m] Started Accounts Service.
[[0;32m  OK  [0m] Started Virtualbox guest utils.
[[0;32m  OK  [0m] Started Dispatcher daemon for systemd-networkd.
[[0;32m  OK  [0m] Started Snap Daemon.
         Starting Wait until snapd is fully seeded...
[[0;32m  OK  [0m] Started Pollinate to seed the pseudo random number generator.
         Starting OpenBSD Secure Shell server...
[[0;32m  OK  [0m] Started OpenBSD Secure Shell server.

Ubuntu 18.04.5 LTS ubuntu-bionic ttyS0

ubuntu-bionic login: [  225.532374] cloud-init[1274]: Cloud-init v. 20.4.1-0ubuntu1~18.04.1 running 'modules:config' at Fri, 06 Aug 2021 00:44:21 +0000. Up 224.66 seconds.
ci-info: no authorized SSH keys fingerprints found for user ubuntu.
<14>Aug  6 00:44:23 ec2: 
<14>Aug  6 00:44:23 ec2: #############################################################
<14>Aug  6 00:44:23 ec2: -----BEGIN SSH HOST KEY FINGERPRINTS-----
<14>Aug  6 00:44:23 ec2: 1024 SHA256:7dWNNWfhpGPjK+8bDuU+vD6gv4LVW4gFFx2GRboRx+8 root@ubuntu-bionic (DSA)
<14>Aug  6 00:44:23 ec2: 256 SHA256:M9Xw4k31i+LRcrti4Rwt2dvG7n3wHpr0+vGs79fOhaY root@ubuntu-bionic (ECDSA)
<14>Aug  6 00:44:23 ec2: 256 SHA256:KARzc6OpyF72Am0x49MJXKCjonHRWqa2tHce7HaJv8E root@ubuntu-bionic (ED25519)
<14>Aug  6 00:44:23 ec2: 2048 SHA256:YkpkKms7UOeedPnBmIDxJD/wh3GtuAAmr/XdISLz8fY root@ubuntu-bionic (RSA)
<14>Aug  6 00:44:23 ec2: -----END SSH HOST KEY FINGERPRINTS-----
<14>Aug  6 00:44:23 ec2: #############################################################
-----BEGIN SSH HOST KEY KEYS-----
ecdsa-sha2-nistp256 AAAAE2VjZHNhLXNoYTItbmlzdHAyNTYAAAAIbmlzdHAyNTYAAABBBEoYABFor0RJZTxZmlCO2ZPRnUz2OEvyC/TRtpcAbIa5n9MWtc3GV6AsLPl9o1WvYYifbxSHa8kcgdzhXYw9giw= root@ubuntu-bionic
ssh-ed25519 AAAAC3NzaC1lZDI1NTE5AAAAIIbJh6tx6XGLpVqdxaYXzCDIVimX78VLpDwqPapC5wK9 root@ubuntu-bionic
ssh-rsa AAAAB3NzaC1yc2EAAAADAQABAAABAQDk1x0AmOBVCigXdObEnnWKmV4O2fbLB9s2OxLRSDP5snLvo6Nxik8jQTJ0484OhfkcR6uWpVO2QZy/12dP9+Lv98ro2aaMYc47EdMxtuBji/CsZZ8eU3hF+t5JDLyIWeVtsxTevQLI99JH7LWXbsN7kUfAA5pEPW3faql8fVY5pOu/Bsf8eHSSvO3MX0KZHhWbkXt0yUl6+LjtZoyHqT+ZUDwi7uyF6Lc580E529Gd3ZVgfqBFtwldZbe8588rJ7bagPMuGpWpyh/J4TPClR8a85TZou8q/e1EwKJ5K2pA7muZCF9T9s/0T2kwYUvuy72yd9sRAzKkuEEMIikopVUP root@ubuntu-bionic
-----END SSH HOST KEY KEYS-----
[  226.041313] cloud-init[1339]: Cloud-init v. 20.4.1-0ubuntu1~18.04.1 running 'modules:final' at Fri, 06 Aug 2021 00:44:23 +0000. Up 225.86 seconds.
[  226.048021] cloud-init[1339]: ci-info: no authorized SSH keys fingerprints found for user ubuntu.
[  226.057321] cloud-init[1339]: Cloud-init v. 20.4.1-0ubuntu1~18.04.1 finished at Fri, 06 Aug 2021 00:44:23 +0000. Datasource DataSourceNoCloud [seed=/dev/sdb][dsmode=net].  Up 226.00 seconds
